rm trid trid_dynamic
nvcc trid.cu trid_gold.cpp -o trid \
-I/apps/system/easybuild/software/CUDA/12.6.0/include -I. -I../headers -lineinfo -arch=sm_70 --ptxas-options=-v --use_fast_math -L/apps/system/easybuild/software/CUDA/12.6.0/lib64 -lcudart
ptxas info    : 0 bytes gmem
ptxas info    : Compiling entry function '_Z8GPU_tridiiPf' for 'sm_70'
ptxas info    : Function properties for _Z8GPU_tridiiPf
    0 bytes stack frame, 0 bytes spill stores, 0 bytes spill loads
ptxas info    : Used 22 registers, used 1 barriers, 1536 bytes smem, 368 bytes cmem[0]
nvcc trid_dynamic.cu trid_gold.cpp -o trid_dynamic \
-I/apps/system/easybuild/software/CUDA/12.6.0/include -I. -I../headers -lineinfo -arch=sm_70 --ptxas-options=-v --use_fast_math -L/apps/system/easybuild/software/CUDA/12.6.0/lib64 -lcudart
ptxas info    : 0 bytes gmem
ptxas info    : Compiling entry function '_Z8GPU_tridiiPf' for 'sm_70'
ptxas info    : Function properties for _Z8GPU_tridiiPf
    0 bytes stack frame, 0 bytes spill stores, 0 bytes spill loads
ptxas info    : Used 26 registers, used 1 barriers, 368 bytes cmem[0]
GPU Device 0: "Volta" with compute capability 7.0

With starting value index 0
 0  0.447214  0.447214  0.000000 
 1  0.723607  0.723607  0.000000 
 2  0.869505  0.869505  0.000000 
 3  0.940636  0.940636  0.000000 
 4  0.973689  0.973689  0.000000 
 5  0.988561  0.988561  0.000000 
 6  0.995100  0.995100  0.000000 
 7  0.997926  0.997926  0.000000 
 8  0.999130  0.999130  0.000000 
 9  0.999638  0.999638  -0.000000 
 10  0.999850  0.999851  -0.000000 
 11  0.999939  0.999939  -0.000000 
 12  0.999975  0.999975  -0.000000 
 13  0.999990  0.999990  -0.000000 
 14  0.999996  0.999996  -0.000000 
 15  0.999998  0.999998  -0.000000 
 16  0.999999  0.999999  -0.000000 
 17  1.000000  1.000000  -0.000000 
 18  1.000000  1.000000  -0.000000 
 19  1.000000  1.000000  -0.000000 
 20  1.000000  1.000000  -0.000000 
 21  1.000000  1.000000  -0.000000 
 22  1.000000  1.000000  -0.000000 
 23  1.000000  1.000000  -0.000000 
 24  1.000000  1.000000  -0.000000 
 25  1.000000  1.000000  -0.000000 
 26  1.000000  1.000000  -0.000000 
 27  1.000000  1.000000  -0.000000 
 28  1.000000  1.000000  -0.000000 
 29  1.000000  1.000000  -0.000000 
 30  1.000000  1.000000  -0.000000 
 31  1.000000  1.000000  -0.000000 
 32  1.000000  1.000000  -0.000000 
 33  1.000000  1.000000  -0.000000 
 34  1.000000  1.000000  -0.000000 
 35  1.000000  1.000000  -0.000000 
 36  1.000000  1.000000  -0.000000 
 37  1.000000  1.000000  -0.000000 
 38  1.000000  1.000000  -0.000000 
 39  1.000000  1.000000  -0.000000 
 40  1.000000  1.000000  -0.000000 
 41  1.000000  1.000000  -0.000000 
 42  1.000000  1.000000  -0.000000 
 43  1.000000  1.000000  -0.000000 
 44  1.000000  1.000000  -0.000000 
 45  1.000000  1.000000  -0.000000 
 46  1.000000  1.000000  -0.000000 
 47  1.000000  1.000000  -0.000000 
 48  1.000000  1.000000  -0.000000 
 49  1.000000  1.000000  -0.000000 
 50  1.000000  1.000000  -0.000000 
 51  1.000000  1.000000  -0.000000 
 52  1.000000  1.000000  -0.000000 
 53  1.000000  1.000000  -0.000000 
 54  1.000000  1.000000  -0.000000 
 55  1.000000  1.000000  -0.000000 
 56  1.000000  1.000000  -0.000000 
 57  1.000000  1.000000  -0.000000 
 58  1.000000  1.000000  -0.000000 
 59  1.000000  1.000000  -0.000000 
 60  1.000000  1.000000  -0.000000 
 61  1.000000  1.000000  -0.000000 
 62  1.000000  1.000000  -0.000000 
 63  1.000000  1.000000  -0.000000 
 64  1.000000  1.000000  -0.000000 
 65  1.000000  1.000000  -0.000000 
 66  1.000000  1.000000  -0.000000 
 67  1.000000  1.000000  -0.000000 
 68  1.000000  1.000000  -0.000000 
 69  1.000000  1.000000  -0.000000 
 70  1.000000  1.000000  -0.000000 
 71  1.000000  1.000000  -0.000000 
 72  1.000000  1.000000  -0.000000 
 73  1.000000  1.000000  -0.000000 
 74  1.000000  1.000000  -0.000000 
 75  1.000000  1.000000  -0.000000 
 76  1.000000  1.000000  -0.000000 
 77  1.000000  1.000000  -0.000000 
 78  1.000000  1.000000  -0.000000 
 79  1.000000  1.000000  -0.000000 
 80  1.000000  1.000000  -0.000000 
 81  1.000000  1.000000  -0.000000 
 82  1.000000  1.000000  -0.000000 
 83  0.999999  0.999999  -0.000000 
 84  0.999998  0.999998  -0.000000 
 85  0.999996  0.999996  -0.000000 
 86  0.999990  0.999990  -0.000000 
 87  0.999975  0.999975  -0.000000 
 88  0.999939  0.999939  -0.000000 
 89  0.999850  0.999851  -0.000000 
 90  0.999638  0.999638  -0.000000 
 91  0.999130  0.999130  -0.000000 
 92  0.997926  0.997926  0.000000 
 93  0.995100  0.995100  0.000000 
 94  0.988561  0.988561  0.000000 
 95  0.973689  0.973689  -0.000000 
 96  0.940636  0.940636  -0.000000 
 97  0.869505  0.869505  0.000000 
 98  0.723607  0.723607  0.000000 
 99  0.447214  0.447214  0.000000 
With starting value index 1
 0  0.894427  0.894427  0.000000 
 1  1.447214  1.447214  0.000000 
 2  1.739010  1.739010  0.000000 
 3  1.881271  1.881271  0.000000 
 4  1.947377  1.947377  0.000000 
 5  1.977123  1.977122  0.000001 
 6  1.990201  1.990200  0.000000 
 7  1.995852  1.995852  0.000000 
 8  1.998261  1.998261  0.000000 
 9  1.999276  1.999277  -0.000000 
 10  1.999701  1.999701  -0.000000 
 11  1.999877  1.999877  -0.000000 
 12  1.999950  1.999950  -0.000000 
 13  1.999979  1.999980  -0.000000 
 14  1.999991  1.999992  -0.000000 
 15  1.999996  1.999997  -0.000000 
 16  1.999999  1.999999  -0.000000 
 17  1.999999  2.000000  -0.000000 
 18  2.000000  2.000000  -0.000000 
 19  2.000000  2.000000  -0.000000 
 20  2.000000  2.000000  -0.000000 
 21  2.000000  2.000000  -0.000000 
 22  2.000000  2.000000  -0.000000 
 23  2.000000  2.000000  -0.000000 
 24  2.000000  2.000000  -0.000000 
 25  2.000000  2.000000  -0.000000 
 26  2.000000  2.000000  -0.000000 
 27  2.000000  2.000000  -0.000000 
 28  2.000000  2.000000  -0.000000 
 29  2.000000  2.000000  -0.000000 
 30  2.000000  2.000000  -0.000000 
 31  2.000000  2.000000  -0.000000 
 32  2.000000  2.000000  -0.000000 
 33  2.000000  2.000000  -0.000000 
 34  2.000000  2.000000  -0.000000 
 35  2.000000  2.000000  -0.000000 
 36  2.000000  2.000000  -0.000000 
 37  2.000000  2.000000  -0.000000 
 38  2.000000  2.000000  -0.000000 
 39  2.000000  2.000000  -0.000000 
 40  2.000000  2.000000  -0.000000 
 41  2.000000  2.000000  -0.000000 
 42  2.000000  2.000000  -0.000000 
 43  2.000000  2.000000  -0.000000 
 44  2.000000  2.000000  -0.000000 
 45  2.000000  2.000000  -0.000000 
 46  2.000000  2.000000  -0.000000 
 47  2.000000  2.000000  -0.000000 
 48  2.000000  2.000000  -0.000000 
 49  2.000000  2.000000  -0.000000 
 50  2.000000  2.000000  -0.000000 
 51  2.000000  2.000000  -0.000000 
 52  2.000000  2.000000  -0.000000 
 53  2.000000  2.000000  -0.000000 
 54  2.000000  2.000000  -0.000000 
 55  2.000000  2.000000  -0.000000 
 56  2.000000  2.000000  -0.000000 
 57  2.000000  2.000000  -0.000000 
 58  2.000000  2.000000  -0.000000 
 59  2.000000  2.000000  -0.000000 
 60  2.000000  2.000000  -0.000000 
 61  2.000000  2.000000  -0.000000 
 62  2.000000  2.000000  -0.000000 
 63  2.000000  2.000000  -0.000000 
 64  2.000000  2.000000  -0.000000 
 65  2.000000  2.000000  -0.000000 
 66  2.000000  2.000000  -0.000000 
 67  2.000000  2.000000  -0.000000 
 68  2.000000  2.000000  -0.000000 
 69  2.000000  2.000000  -0.000000 
 70  2.000000  2.000000  -0.000000 
 71  2.000000  2.000000  -0.000000 
 72  2.000000  2.000000  -0.000000 
 73  2.000000  2.000000  -0.000000 
 74  2.000000  2.000000  -0.000000 
 75  2.000000  2.000000  -0.000000 
 76  2.000000  2.000000  -0.000000 
 77  2.000000  2.000000  -0.000000 
 78  2.000000  2.000000  -0.000000 
 79  2.000000  2.000000  -0.000000 
 80  2.000000  2.000000  -0.000000 
 81  2.000000  2.000000  -0.000000 
 82  1.999999  2.000000  -0.000000 
 83  1.999999  1.999999  -0.000000 
 84  1.999996  1.999997  -0.000000 
 85  1.999991  1.999992  -0.000000 
 86  1.999979  1.999980  -0.000000 
 87  1.999950  1.999950  -0.000000 
 88  1.999877  1.999877  -0.000000 
 89  1.999701  1.999701  -0.000000 
 90  1.999276  1.999277  -0.000000 
 91  1.998261  1.998261  -0.000000 
 92  1.995852  1.995852  0.000000 
 93  1.990201  1.990201  0.000000 
 94  1.977123  1.977122  0.000000 
 95  1.947377  1.947378  -0.000000 
 96  1.881271  1.881272  -0.000000 
 97  1.739010  1.739010  0.000000 
 98  1.447214  1.447214  0.000000 
 99  0.894427  0.894427  0.000000 
With starting value index 2
 0  1.341641  1.341641  0.000000 
 1  2.170821  2.170820  0.000001 
 2  2.608515  2.608514  0.000001 
 3  2.821908  2.821907  0.000000 
 4  2.921067  2.921066  0.000000 
 5  2.965684  2.965683  0.000001 
 6  2.985301  2.985301  0.000000 
 7  2.993778  2.993778  0.000000 
 8  2.997391  2.997391  0.000000 
 9  2.998915  2.998915  -0.000000 
 10  2.999552  2.999552  -0.000001 
 11  2.999815  2.999816  -0.000001 
 12  2.999925  2.999925  -0.000000 
 13  2.999969  2.999970  -0.000001 
 14  2.999987  2.999988  -0.000001 
 15  2.999995  2.999995  -0.000001 
 16  2.999998  2.999999  -0.000001 
 17  2.999999  3.000000  -0.000001 
 18  3.000000  3.000000  -0.000001 
 19  3.000000  3.000000  -0.000001 
 20  3.000000  3.000000  -0.000000 
 21  3.000000  3.000000  -0.000000 
 22  3.000000  3.000000  -0.000000 
 23  3.000000  3.000000  -0.000000 
 24  3.000000  3.000000  -0.000000 
 25  3.000000  3.000000  -0.000000 
 26  3.000000  3.000000  -0.000000 
 27  3.000000  3.000000  -0.000000 
 28  3.000000  3.000000  -0.000000 
 29  3.000000  3.000000  -0.000000 
 30  3.000000  3.000000  -0.000000 
 31  3.000000  3.000000  -0.000000 
 32  3.000000  3.000000  -0.000000 
 33  3.000000  3.000000  -0.000000 
 34  3.000000  3.000000  -0.000000 
 35  3.000000  3.000000  -0.000000 
 36  3.000000  3.000000  -0.000000 
 37  3.000000  3.000000  -0.000000 
 38  3.000000  3.000000  -0.000000 
 39  3.000000  3.000000  -0.000000 
 40  3.000000  3.000000  -0.000000 
 41  3.000000  3.000000  -0.000000 
 42  3.000000  3.000000  -0.000000 
 43  3.000000  3.000000  -0.000000 
 44  3.000000  3.000000  -0.000000 
 45  3.000000  3.000000  -0.000000 
 46  3.000000  3.000000  -0.000000 
 47  3.000000  3.000000  -0.000000 
 48  3.000000  3.000000  -0.000000 
 49  3.000000  3.000000  -0.000000 
 50  3.000000  3.000000  -0.000000 
 51  3.000000  3.000000  -0.000000 
 52  3.000000  3.000000  -0.000000 
 53  3.000000  3.000000  -0.000000 
 54  3.000000  3.000000  -0.000000 
 55  3.000000  3.000000  -0.000000 
 56  3.000000  3.000000  -0.000000 
 57  3.000000  3.000000  -0.000000 
 58  3.000000  3.000000  -0.000000 
 59  3.000000  3.000000  -0.000000 
 60  3.000000  3.000000  -0.000000 
 61  3.000000  3.000000  -0.000000 
 62  3.000000  3.000000  -0.000000 
 63  3.000000  3.000000  -0.000000 
 64  3.000000  3.000000  -0.000000 
 65  3.000000  3.000000  -0.000000 
 66  3.000000  3.000000  -0.000000 
 67  3.000000  3.000000  -0.000000 
 68  3.000000  3.000000  -0.000000 
 69  3.000000  3.000000  -0.000000 
 70  3.000000  3.000000  -0.000000 
 71  3.000000  3.000000  -0.000000 
 72  3.000000  3.000000  -0.000000 
 73  3.000000  3.000000  -0.000000 
 74  3.000000  3.000000  -0.000000 
 75  3.000000  3.000000  -0.000000 
 76  3.000000  3.000000  -0.000000 
 77  3.000000  3.000000  -0.000000 
 78  3.000000  3.000000  -0.000000 
 79  3.000000  3.000000  -0.000000 
 80  3.000000  3.000000  -0.000001 
 81  2.999999  3.000000  -0.000001 
 82  2.999999  3.000000  -0.000001 
 83  2.999998  2.999999  -0.000001 
 84  2.999995  2.999996  -0.000001 
 85  2.999987  2.999988  -0.000001 
 86  2.999969  2.999970  -0.000001 
 87  2.999925  2.999925  -0.000001 
 88  2.999815  2.999816  -0.000001 
 89  2.999552  2.999552  -0.000001 
 90  2.998915  2.998915  -0.000000 
 91  2.997391  2.997391  -0.000000 
 92  2.993778  2.993778  0.000000 
 93  2.985301  2.985301  0.000000 
 94  2.965684  2.965684  0.000000 
 95  2.921067  2.921067  -0.000000 
 96  2.821908  2.821908  -0.000000 
 97  2.608515  2.608515  0.000000 
 98  2.170821  2.170821  0.000000 
 99  1.341641  1.341641  -0.000000 
With starting value index 3
 0  1.788855  1.788854  0.000000 
 1  2.894428  2.894427  0.000000 
 2  3.478019  3.478019  0.000000 
 3  3.762543  3.762543  0.000000 
 4  3.894755  3.894755  0.000000 
 5  3.954245  3.954244  0.000001 
 6  3.980402  3.980401  0.000001 
 7  3.991704  3.991704  0.000000 
 8  3.996521  3.996521  0.000000 
 9  3.998553  3.998553  -0.000000 
 10  3.999402  3.999403  -0.000001 
 11  3.999754  3.999755  -0.000001 
 12  3.999899  3.999900  -0.000000 
 13  3.999959  3.999959  -0.000001 
 14  3.999983  3.999984  -0.000001 
 15  3.999993  3.999994  -0.000001 
 16  3.999997  3.999997  -0.000000 
 17  3.999998  3.999999  -0.000001 
 18  3.999999  4.000000  -0.000000 
 19  3.999999  4.000000  -0.000000 
 20  3.999999  4.000000  -0.000000 
 21  3.999999  4.000000  -0.000000 
 22  3.999999  4.000000  -0.000000 
 23  3.999999  4.000000  -0.000000 
 24  3.999999  4.000000  -0.000000 
 25  3.999999  4.000000  -0.000000 
 26  3.999999  4.000000  -0.000000 
 27  3.999999  4.000000  -0.000000 
 28  3.999999  4.000000  -0.000000 
 29  3.999999  4.000000  -0.000000 
 30  3.999999  4.000000  -0.000000 
 31  3.999999  4.000000  -0.000000 
 32  3.999999  4.000000  -0.000000 
 33  3.999999  4.000000  -0.000000 
 34  3.999999  4.000000  -0.000000 
 35  3.999999  4.000000  -0.000000 
 36  3.999999  4.000000  -0.000000 
 37  3.999999  4.000000  -0.000000 
 38  3.999999  4.000000  -0.000000 
 39  3.999999  4.000000  -0.000000 
 40  3.999999  4.000000  -0.000000 
 41  3.999999  4.000000  -0.000000 
 42  3.999999  4.000000  -0.000000 
 43  3.999999  4.000000  -0.000000 
 44  3.999999  4.000000  -0.000000 
 45  3.999999  4.000000  -0.000000 
 46  3.999999  4.000000  -0.000000 
 47  3.999999  4.000000  -0.000000 
 48  3.999999  4.000000  -0.000000 
 49  3.999999  4.000000  -0.000000 
 50  3.999999  4.000000  -0.000000 
 51  3.999999  4.000000  -0.000000 
 52  3.999999  4.000000  -0.000000 
 53  3.999999  4.000000  -0.000000 
 54  3.999999  4.000000  -0.000000 
 55  3.999999  4.000000  -0.000000 
 56  3.999999  4.000000  -0.000000 
 57  3.999999  4.000000  -0.000000 
 58  3.999999  4.000000  -0.000000 
 59  3.999999  4.000000  -0.000000 
 60  3.999999  4.000000  -0.000000 
 61  3.999999  4.000000  -0.000000 
 62  3.999999  4.000000  -0.000000 
 63  3.999999  4.000000  -0.000000 
 64  3.999999  4.000000  -0.000000 
 65  3.999999  4.000000  -0.000000 
 66  3.999999  4.000000  -0.000000 
 67  3.999999  4.000000  -0.000000 
 68  3.999999  4.000000  -0.000000 
 69  3.999999  4.000000  -0.000000 
 70  3.999999  4.000000  -0.000000 
 71  3.999999  4.000000  -0.000000 
 72  3.999999  4.000000  -0.000000 
 73  3.999999  4.000000  -0.000000 
 74  3.999999  4.000000  -0.000000 
 75  3.999999  4.000000  -0.000000 
 76  3.999999  4.000000  -0.000000 
 77  3.999999  4.000000  -0.000000 
 78  3.999999  4.000000  -0.000000 
 79  3.999999  4.000000  -0.000000 
 80  3.999999  4.000000  -0.000000 
 81  3.999999  4.000000  -0.000000 
 82  3.999998  3.999999  -0.000001 
 83  3.999997  3.999997  -0.000000 
 84  3.999993  3.999993  -0.000000 
 85  3.999983  3.999984  -0.000001 
 86  3.999959  3.999959  -0.000000 
 87  3.999899  3.999900  -0.000000 
 88  3.999754  3.999755  -0.000001 
 89  3.999402  3.999403  -0.000001 
 90  3.998553  3.998553  -0.000000 
 91  3.996521  3.996522  -0.000000 
 92  3.991704  3.991704  0.000000 
 93  3.980402  3.980401  0.000000 
 94  3.954245  3.954245  0.000000 
 95  3.894755  3.894755  -0.000000 
 96  3.762543  3.762543  -0.000000 
 97  3.478019  3.478019  0.000000 
 98  2.894428  2.894427  0.000000 
 99  1.788855  1.788854  0.000000 
With starting value index 4
 0  2.236068  2.236068  0.000000 
 1  3.618035  3.618034  0.000000 
 2  4.347525  4.347525  0.000000 
 3  4.703180  4.703179  0.000001 
 4  4.868444  4.868443  0.000001 
 5  4.942807  4.942805  0.000002 
 6  4.975503  4.975501  0.000002 
 7  4.989630  4.989629  0.000001 
 8  4.995653  4.995652  0.000001 
 9  4.998192  4.998192  0.000000 
 10  4.999254  4.999253  0.000000 
 11  4.999695  4.999694  0.000001 
 12  4.999876  4.999875  0.000000 
 13  4.999950  4.999949  0.000000 
 14  4.999980  4.999980  0.000000 
 15  4.999993  4.999992  0.000000 
 16  4.999998  4.999997  0.000001 
 17  5.000000  4.999999  0.000001 
 18  5.000000  5.000000  0.000000 
 19  5.000001  5.000000  0.000001 
 20  5.000001  5.000000  0.000001 
 21  5.000001  5.000000  0.000001 
 22  5.000001  5.000000  0.000001 
 23  5.000001  5.000000  0.000001 
 24  5.000001  5.000000  0.000001 
 25  5.000001  5.000000  0.000001 
 26  5.000001  5.000000  0.000001 
 27  5.000001  5.000000  0.000001 
 28  5.000001  5.000000  0.000001 
 29  5.000001  5.000000  0.000001 
 30  5.000001  5.000000  0.000001 
 31  5.000001  5.000000  0.000001 
 32  5.000001  5.000000  0.000001 
 33  5.000001  5.000000  0.000001 
 34  5.000001  5.000000  0.000001 
 35  5.000001  5.000000  0.000001 
 36  5.000001  5.000000  0.000001 
 37  5.000001  5.000000  0.000001 
 38  5.000001  5.000000  0.000001 
 39  5.000001  5.000000  0.000001 
 40  5.000001  5.000000  0.000001 
 41  5.000001  5.000000  0.000001 
 42  5.000001  5.000000  0.000001 
 43  5.000001  5.000000  0.000001 
 44  5.000001  5.000000  0.000001 
 45  5.000001  5.000000  0.000001 
 46  5.000001  5.000000  0.000001 
 47  5.000001  5.000000  0.000001 
 48  5.000001  5.000000  0.000001 
 49  5.000001  5.000000  0.000001 
 50  5.000001  5.000000  0.000001 
 51  5.000001  5.000000  0.000001 
 52  5.000001  5.000000  0.000001 
 53  5.000001  5.000000  0.000001 
 54  5.000001  5.000000  0.000001 
 55  5.000001  5.000000  0.000001 
 56  5.000001  5.000000  0.000001 
 57  5.000001  5.000000  0.000001 
 58  5.000001  5.000000  0.000001 
 59  5.000001  5.000000  0.000001 
 60  5.000001  5.000000  0.000001 
 61  5.000001  5.000000  0.000001 
 62  5.000001  5.000000  0.000001 
 63  5.000001  5.000000  0.000001 
 64  5.000001  5.000000  0.000001 
 65  5.000001  5.000000  0.000001 
 66  5.000001  5.000000  0.000001 
 67  5.000001  5.000000  0.000001 
 68  5.000001  5.000000  0.000001 
 69  5.000001  5.000000  0.000001 
 70  5.000001  5.000000  0.000001 
 71  5.000001  5.000000  0.000001 
 72  5.000001  5.000000  0.000001 
 73  5.000001  5.000000  0.000001 
 74  5.000001  5.000000  0.000001 
 75  5.000001  5.000000  0.000001 
 76  5.000001  5.000000  0.000001 
 77  5.000001  5.000000  0.000001 
 78  5.000001  5.000000  0.000001 
 79  5.000001  5.000000  0.000001 
 80  5.000001  5.000000  0.000001 
 81  5.000000  5.000000  0.000000 
 82  5.000000  4.999999  0.000000 
 83  4.999998  4.999997  0.000000 
 84  4.999993  4.999992  0.000000 
 85  4.999980  4.999980  0.000000 
 86  4.999950  4.999949  0.000000 
 87  4.999876  4.999875  0.000000 
 88  4.999695  4.999694  0.000001 
 89  4.999254  4.999253  0.000000 
 90  4.998192  4.998192  0.000000 
 91  4.995653  4.995652  0.000001 
 92  4.989630  4.989630  -0.000000 
 93  4.975503  4.975502  0.000001 
 94  4.942807  4.942806  0.000001 
 95  4.868444  4.868444  0.000000 
 96  4.703180  4.703180  0.000000 
 97  4.347525  4.347525  -0.000000 
 98  3.618035  3.618035  0.000000 
 99  2.236068  2.236068  0.000000 
With starting value index 5
 0  2.683282  2.683281  0.000000 
 1  4.341642  4.341640  0.000002 
 2  5.217031  5.217029  0.000002 
 3  5.643816  5.643815  0.000001 
 4  5.842133  5.842133  0.000000 
 5  5.931368  5.931367  0.000001 
 6  5.970603  5.970602  0.000001 
 7  5.987556  5.987556  0.000001 
 8  5.994782  5.994782  0.000000 
 9  5.997829  5.997830  -0.000001 
 10  5.999103  5.999104  -0.000001 
 11  5.999630  5.999633  -0.000002 
 12  5.999849  5.999850  -0.000001 
 13  5.999938  5.999940  -0.000001 
 14  5.999975  5.999976  -0.000001 
 15  5.999990  5.999991  -0.000001 
 16  5.999996  5.999997  -0.000001 
 17  5.999998  6.000000  -0.000002 
 18  5.999999  6.000001  -0.000002 
 19  6.000000  6.000001  -0.000001 
 20  6.000000  6.000001  -0.000001 
 21  6.000000  6.000001  -0.000001 
 22  6.000000  6.000001  -0.000001 
 23  6.000000  6.000001  -0.000001 
 24  6.000000  6.000001  -0.000001 
 25  6.000000  6.000001  -0.000001 
 26  6.000000  6.000001  -0.000001 
 27  6.000000  6.000001  -0.000001 
 28  6.000000  6.000001  -0.000001 
 29  6.000000  6.000001  -0.000001 
 30  6.000000  6.000001  -0.000001 
 31  6.000000  6.000001  -0.000001 
 32  6.000000  6.000001  -0.000001 
 33  6.000000  6.000001  -0.000001 
 34  6.000000  6.000001  -0.000001 
 35  6.000000  6.000001  -0.000001 
 36  6.000000  6.000001  -0.000001 
 37  6.000000  6.000001  -0.000001 
 38  6.000000  6.000001  -0.000001 
 39  6.000000  6.000001  -0.000001 
 40  6.000000  6.000001  -0.000001 
 41  6.000000  6.000001  -0.000001 
 42  6.000000  6.000001  -0.000001 
 43  6.000000  6.000001  -0.000001 
 44  6.000000  6.000001  -0.000001 
 45  6.000000  6.000001  -0.000001 
 46  6.000000  6.000001  -0.000001 
 47  6.000000  6.000001  -0.000001 
 48  6.000000  6.000001  -0.000001 
 49  6.000000  6.000001  -0.000001 
 50  6.000000  6.000001  -0.000001 
 51  6.000000  6.000001  -0.000001 
 52  6.000000  6.000001  -0.000001 
 53  6.000000  6.000001  -0.000001 
 54  6.000000  6.000001  -0.000001 
 55  6.000000  6.000001  -0.000001 
 56  6.000000  6.000001  -0.000001 
 57  6.000000  6.000001  -0.000001 
 58  6.000000  6.000001  -0.000001 
 59  6.000000  6.000001  -0.000001 
 60  6.000000  6.000001  -0.000001 
 61  6.000000  6.000001  -0.000001 
 62  6.000000  6.000001  -0.000001 
 63  6.000000  6.000001  -0.000001 
 64  6.000000  6.000001  -0.000001 
 65  6.000000  6.000001  -0.000001 
 66  6.000000  6.000001  -0.000001 
 67  6.000000  6.000001  -0.000001 
 68  6.000000  6.000001  -0.000001 
 69  6.000000  6.000001  -0.000001 
 70  6.000000  6.000001  -0.000001 
 71  6.000000  6.000001  -0.000001 
 72  6.000000  6.000001  -0.000001 
 73  6.000000  6.000001  -0.000001 
 74  6.000000  6.000001  -0.000001 
 75  6.000000  6.000001  -0.000001 
 76  6.000000  6.000001  -0.000001 
 77  6.000000  6.000001  -0.000001 
 78  6.000000  6.000001  -0.000001 
 79  6.000000  6.000001  -0.000001 
 80  6.000000  6.000001  -0.000001 
 81  5.999999  6.000000  -0.000002 
 82  5.999998  6.000000  -0.000002 
 83  5.999995  5.999997  -0.000002 
 84  5.999990  5.999991  -0.000002 
 85  5.999975  5.999977  -0.000002 
 86  5.999938  5.999940  -0.000001 
 87  5.999849  5.999851  -0.000001 
 88  5.999630  5.999633  -0.000002 
 89  5.999103  5.999104  -0.000001 
 90  5.997830  5.997830  -0.000000 
 91  5.994782  5.994783  -0.000000 
 92  5.987556  5.987556  0.000000 
 93  5.970603  5.970603  0.000000 
 94  5.931368  5.931368  0.000000 
 95  5.842133  5.842134  -0.000001 
 96  5.643816  5.643816  -0.000000 
 97  5.217031  5.217030  0.000000 
 98  4.341642  4.341641  0.000001 
 99  2.683282  2.683282  -0.000000 
